0 info it worked if it ends with ok
1 verbose cli [ 'node', '/usr/local/bin/npm', 'install', '-g', 'express' ]
2 info using npm@1.4.14
3 info using node@v0.10.29
4 verbose cache add [ 'express', null ]
5 verbose cache add name=undefined spec="express" args=["express",null]
6 verbose parsed url { protocol: null,
6 verbose parsed url   slashes: null,
6 verbose parsed url   auth: null,
6 verbose parsed url   host: null,
6 verbose parsed url   port: null,
6 verbose parsed url   hostname: null,
6 verbose parsed url   hash: null,
6 verbose parsed url   search: null,
6 verbose parsed url   query: null,
6 verbose parsed url   pathname: 'express',
6 verbose parsed url   path: 'express',
6 verbose parsed url   href: 'express' }
7 silly lockFile f3c62de4-express express
8 verbose lock express /Users/zholdren/.npm/f3c62de4-express.lock
9 silly lockFile f3c62de4-express express
10 silly lockFile f3c62de4-express express
11 verbose addNamed [ 'express', '' ]
12 verbose addNamed [ null, '*' ]
13 silly lockFile 64a534c1-express express@
14 verbose lock express@ /Users/zholdren/.npm/64a534c1-express.lock
15 silly addNameRange { name: 'express', range: '*', hasData: false }
16 verbose url raw express
17 verbose url resolving [ 'https://registry.npmjs.org/', './express' ]
18 verbose url resolved https://registry.npmjs.org/express
19 info trying registry request attempt 1 at 19:26:15
20 http GET https://registry.npmjs.org/express
21 http 200 https://registry.npmjs.org/express
22 silly registry.get cb [ 200,
22 silly registry.get   { date: 'Wed, 25 Jun 2014 23:26:16 GMT',
22 silly registry.get     server: 'CouchDB/1.5.0 (Erlang OTP/R16B03)',
22 silly registry.get     etag: '"DSMFDIPSPOQ43LWHT80PC33VM"',
22 silly registry.get     'content-type': 'application/json',
22 silly registry.get     'cache-control': 'max-age=30',
22 silly registry.get     'content-length': '241339',
22 silly registry.get     'accept-ranges': 'bytes',
22 silly registry.get     via: '1.1 varnish',
22 silly registry.get     age: '2413',
22 silly registry.get     'x-served-by': 'cache-ord1734-ORD',
22 silly registry.get     'x-cache': 'HIT',
22 silly registry.get     'x-cache-hits': '1',
22 silly registry.get     'x-timer': 'S1403738776.532148,VS0,VE1',
22 silly registry.get     vary: 'Accept',
22 silly registry.get     'keep-alive': 'timeout=10, max=50',
22 silly registry.get     connection: 'Keep-Alive' } ]
23 silly addNameRange number 2 { name: 'express', range: '*', hasData: true }
24 silly addNameRange versions [ 'express',
24 silly addNameRange   [ '0.14.0',
24 silly addNameRange     '0.14.1',
24 silly addNameRange     '1.0.0',
24 silly addNameRange     '1.0.1',
24 silly addNameRange     '1.0.2',
24 silly addNameRange     '1.0.3',
24 silly addNameRange     '1.0.4',
24 silly addNameRange     '1.0.5',
24 silly addNameRange     '1.0.6',
24 silly addNameRange     '1.0.7',
24 silly addNameRange     '1.0.8',
24 silly addNameRange     '2.0.0',
24 silly addNameRange     '2.1.0',
24 silly addNameRange     '2.1.1',
24 silly addNameRange     '2.2.0',
24 silly addNameRange     '2.2.1',
24 silly addNameRange     '2.2.2',
24 silly addNameRange     '2.3.0',
24 silly addNameRange     '2.3.1',
24 silly addNameRange     '2.3.2',
24 silly addNameRange     '2.3.3',
24 silly addNameRange     '2.3.4',
24 silly addNameRange     '2.3.5',
24 silly addNameRange     '2.3.6',
24 silly addNameRange     '2.3.7',
24 silly addNameRange     '2.3.8',
24 silly addNameRange     '2.3.9',
24 silly addNameRange     '2.3.10',
24 silly addNameRange     '2.3.11',
24 silly addNameRange     '2.3.12',
24 silly addNameRange     '2.4.0',
24 silly addNameRange     '2.4.1',
24 silly addNameRange     '2.4.2',
24 silly addNameRange     '2.4.3',
24 silly addNameRange     '2.4.4',
24 silly addNameRange     '2.4.5',
24 silly addNameRange     '2.4.6',
24 silly addNameRange     '2.4.7',
24 silly addNameRange     '2.5.0',
24 silly addNameRange     '2.5.1',
24 silly addNameRange     '2.5.2',
24 silly addNameRange     '2.5.3',
24 silly addNameRange     '2.5.4',
24 silly addNameRange     '2.5.5',
24 silly addNameRange     '2.5.6',
24 silly addNameRange     '2.5.7',
24 silly addNameRange     '2.5.8',
24 silly addNameRange     '2.5.9',
24 silly addNameRange     '2.5.10',
24 silly addNameRange     '2.5.11',
24 silly addNameRange     '3.0.0',
24 silly addNameRange     '3.0.1',
24 silly addNameRange     '3.0.2',
24 silly addNameRange     '3.0.3',
24 silly addNameRange     '3.0.4',
24 silly addNameRange     '3.0.5',
24 silly addNameRange     '3.0.6',
24 silly addNameRange     '3.1.0',
24 silly addNameRange     '3.1.1',
24 silly addNameRange     '3.1.2',
24 silly addNameRange     '3.2.0',
24 silly addNameRange     '3.2.1',
24 silly addNameRange     '3.2.2',
24 silly addNameRange     '3.2.3',
24 silly addNameRange     '3.2.4',
24 silly addNameRange     '3.2.5',
24 silly addNameRange     '3.2.6',
24 silly addNameRange     '3.3.0',
24 silly addNameRange     '3.3.1',
24 silly addNameRange     '3.3.2',
24 silly addNameRange     '3.3.3',
24 silly addNameRange     '3.3.4',
24 silly addNameRange     '3.3.5',
24 silly addNameRange     '3.3.6',
24 silly addNameRange     '1.0.0-beta',
24 silly addNameRange     '1.0.0-beta2',
24 silly addNameRange     '1.0.0-rc',
24 silly addNameRange     '1.0.0-rc2',
24 silly addNameRange     '1.0.0-rc3',
24 silly addNameRange     '1.0.0-rc4',
24 silly addNameRange     '2.0.0-beta',
24 silly addNameRange     '2.0.0-beta2',
24 silly addNameRange     '2.0.0-beta3',
24 silly addNameRange     '2.0.0-rc',
24 silly addNameRange     '2.0.0-rc2',
24 silly addNameRange     '2.0.0-rc3',
24 silly addNameRange     '3.0.0-alpha1',
24 silly addNameRange     '3.0.0-alpha2',
24 silly addNameRange     '3.0.0-alpha3',
24 silly addNameRange     '3.0.0-alpha4',
24 silly addNameRange     '3.0.0-alpha5',
24 silly addNameRange     '3.0.0-beta1',
24 silly addNameRange     '3.0.0-beta2',
24 silly addNameRange     '3.0.0-beta3',
24 silly addNameRange     '3.0.0-beta4',
24 silly addNameRange     '3.0.0-beta6',
24 silly addNameRange     '3.0.0-beta7',
24 silly addNameRange     '3.0.0-rc1',
24 silly addNameRange     '3.0.0-rc2',
24 silly addNameRange     '3.0.0-rc3',
24 silly addNameRange     '3.0.0-rc4',
24 silly addNameRange     '3.0.0-rc5',
24 silly addNameRange     '3.3.7',
24 silly addNameRange     '3.3.8',
24 silly addNameRange     '3.4.0',
24 silly addNameRange     '3.4.1',
24 silly addNameRange     '3.4.2',
24 silly addNameRange     '3.4.3',
24 silly addNameRange     '3.4.4',
24 silly addNameRange     '3.4.5',
24 silly addNameRange     '3.4.6',
24 silly addNameRange     '3.4.7',
24 silly addNameRange     '3.4.8',
24 silly addNameRange     '4.0.0-rc1',
24 silly addNameRange     '4.0.0-rc2',
24 silly addNameRange     '3.5.0',
24 silly addNameRange     '4.0.0-rc3',
24 silly addNameRange     '4.0.0-rc4',
24 silly addNameRange     '3.5.1',
24 silly addNameRange     '4.0.0',
24 silly addNameRange     '3.5.2',
24 silly addNameRange     '4.1.0',
24 silly addNameRange     '4.1.1',
24 silly addNameRange     '3.5.3',
24 silly addNameRange     '4.1.2',
24 silly addNameRange     '3.6.0',
24 silly addNameRange     '4.2.0',
24 silly addNameRange     '3.7.0',
24 silly addNameRange     '3.8.0',
24 silly addNameRange     '4.3.0',
24 silly addNameRange     '4.3.1',
24 silly addNameRange     '3.8.1',
24 silly addNameRange     '4.3.2',
24 silly addNameRange     '3.9.0',
24 silly addNameRange     '4.4.0',
24 silly addNameRange     '4.4.1',
24 silly addNameRange     '3.10.0',
24 silly addNameRange     '3.10.1',
24 silly addNameRange     '3.10.2',
24 silly addNameRange     '3.10.3',
24 silly addNameRange     '3.10.4',
24 silly addNameRange     '4.4.2',
24 silly addNameRange     '3.10.5',
24 silly addNameRange     '4.4.3',
24 silly addNameRange     '3.11.0',
24 silly addNameRange     '4.4.4',
24 silly addNameRange     '3.12.0' ] ]
25 verbose addNamed [ 'express', '4.4.4' ]
26 verbose addNamed [ '4.4.4', '4.4.4' ]
27 silly lockFile 3dd69c5b-express-4-4-4 express@4.4.4
28 verbose lock express@4.4.4 /Users/zholdren/.npm/3dd69c5b-express-4-4-4.lock
29 silly lockFile c4051794-js-org-express-express-4-4-4-tgz https://registry.npmjs.org/express/-/express-4.4.4.tgz
30 verbose lock https://registry.npmjs.org/express/-/express-4.4.4.tgz /Users/zholdren/.npm/c4051794-js-org-express-express-4-4-4-tgz.lock
31 verbose addRemoteTarball [ 'https://registry.npmjs.org/express/-/express-4.4.4.tgz',
31 verbose addRemoteTarball   '198bfd931c16ce869e54af5fb0515064fb8ea431' ]
32 info retry fetch attempt 1 at 19:26:16
33 verbose fetch to= /var/folders/5k/ln02453d03d0d3nvn9dk7ts40000gn/T/npm-9023-7GS-kQy1/registry.npmjs.org/express/-/express-4.4.4.tgz
34 http GET https://registry.npmjs.org/express/-/express-4.4.4.tgz
35 http 200 https://registry.npmjs.org/express/-/express-4.4.4.tgz
36 silly lockFile c4051794-js-org-express-express-4-4-4-tgz https://registry.npmjs.org/express/-/express-4.4.4.tgz
37 silly lockFile c4051794-js-org-express-express-4-4-4-tgz https://registry.npmjs.org/express/-/express-4.4.4.tgz
38 silly lockFile 3dd69c5b-express-4-4-4 express@4.4.4
39 silly lockFile 3dd69c5b-express-4-4-4 express@4.4.4
40 silly lockFile 64a534c1-express express@
41 silly lockFile 64a534c1-express express@
42 silly resolved [ { name: 'express',
42 silly resolved     description: 'Sinatra inspired web development framework',
42 silly resolved     version: '4.4.4',
42 silly resolved     author: { name: 'TJ Holowaychuk', email: 'tj@vision-media.ca' },
42 silly resolved     contributors: [ [Object], [Object], [Object], [Object], [Object], [Object] ],
42 silly resolved     keywords:
42 silly resolved      [ 'express',
42 silly resolved        'framework',
42 silly resolved        'sinatra',
42 silly resolved        'web',
42 silly resolved        'rest',
42 silly resolved        'restful',
42 silly resolved        'router',
42 silly resolved        'app',
42 silly resolved        'api' ],
42 silly resolved     repository: { type: 'git', url: 'git://github.com/visionmedia/express' },
42 silly resolved     license: 'MIT',
42 silly resolved     dependencies:
42 silly resolved      { accepts: '~1.0.5',
42 silly resolved        'buffer-crc32': '0.2.3',
42 silly resolved        debug: '1.0.2',
42 silly resolved        'escape-html': '1.0.1',
42 silly resolved        methods: '1.0.1',
42 silly resolved        parseurl: '1.0.1',
42 silly resolved        'proxy-addr': '1.0.1',
42 silly resolved        'range-parser': '1.0.0',
42 silly resolved        send: '0.4.3',
42 silly resolved        'serve-static': '1.2.3',
42 silly resolved        'type-is': '1.2.1',
42 silly resolved        vary: '0.1.0',
42 silly resolved        cookie: '0.1.2',
42 silly resolved        fresh: '0.2.2',
42 silly resolved        'cookie-signature': '1.0.3',
42 silly resolved        'merge-descriptors': '0.0.2',
42 silly resolved        'utils-merge': '1.0.0',
42 silly resolved        qs: '0.6.6',
42 silly resolved        'path-to-regexp': '0.1.2' },
42 silly resolved     devDependencies:
42 silly resolved      { after: '0.8.1',
42 silly resolved        istanbul: '0.2.10',
42 silly resolved        mocha: '~1.20.1',
42 silly resolved        should: '~4.0.4',
42 silly resolved        supertest: '~0.13.0',
42 silly resolved        'connect-redis': '~2.0.0',
42 silly resolved        ejs: '~1.0.0',
42 silly resolved        jade: '~1.3.1',
42 silly resolved        marked: '0.3.2',
42 silly resolved        multiparty: '~3.2.4',
42 silly resolved        hjs: '~0.0.6',
42 silly resolved        'body-parser': '~1.4.3',
42 silly resolved        'cookie-parser': '~1.3.1',
42 silly resolved        'express-session': '~1.5.0',
42 silly resolved        'method-override': '2.0.2',
42 silly resolved        morgan: '1.1.1',
42 silly resolved        vhost: '2.0.0' },
42 silly resolved     engines: { node: '>= 0.10.0' },
42 silly resolved     scripts:
42 silly resolved      { prepublish: 'npm prune',
42 silly resolved        test: 'mocha --require test/support/env --reporter dot --check-leaks test/ test/acceptance/',
42 silly resolved        'test-cov': 'istanbul cover node_modules/mocha/bin/_mocha -- --require test/support/env --reporter dot --check-leaks test/ test/acceptance/',
42 silly resolved        'test-travis': 'istanbul cover node_modules/mocha/bin/_mocha --report lcovonly -- --require test/support/env --reporter spec --check-leaks test/ test/acceptance/' },
42 silly resolved     bugs: { url: 'https://github.com/visionmedia/express/issues' },
42 silly resolved     homepage: 'https://github.com/visionmedia/express',
42 silly resolved     _id: 'express@4.4.4',
42 silly resolved     dist:
42 silly resolved      { shasum: '198bfd931c16ce869e54af5fb0515064fb8ea431',
42 silly resolved        tarball: 'http://registry.npmjs.org/express/-/express-4.4.4.tgz' },
42 silly resolved     _from: 'express@',
42 silly resolved     _npmVersion: '1.4.3',
42 silly resolved     _npmUser: { name: 'dougwilson', email: 'doug@somethingdoug.com' },
42 silly resolved     maintainers: [ [Object], [Object], [Object], [Object] ],
42 silly resolved     directories: {},
42 silly resolved     _shasum: '198bfd931c16ce869e54af5fb0515064fb8ea431',
42 silly resolved     _resolved: 'https://registry.npmjs.org/express/-/express-4.4.4.tgz' } ]
43 info install express@4.4.4 into /usr/local/lib
44 info installOne express@4.4.4
45 info /usr/local/lib/node_modules/express unbuild
46 verbose tar unpack /Users/zholdren/.npm/express/4.4.4/package.tgz
47 silly lockFile 365ba7ad-r-local-lib-node-modules-express tar:///usr/local/lib/node_modules/express
48 verbose lock tar:///usr/local/lib/node_modules/express /Users/zholdren/.npm/365ba7ad-r-local-lib-node-modules-express.lock
49 silly lockFile 197d5012-en-npm-express-4-4-4-package-tgz tar:///Users/zholdren/.npm/express/4.4.4/package.tgz
50 verbose lock tar:///Users/zholdren/.npm/express/4.4.4/package.tgz /Users/zholdren/.npm/197d5012-en-npm-express-4-4-4-package-tgz.lock
51 silly gunzTarPerm modes [ '755', '644' ]
52 error Error: EACCES, mkdir '/usr/local/lib/node_modules/express'
52 error  { [Error: EACCES, mkdir '/usr/local/lib/node_modules/express']
52 error   errno: 3,
52 error   code: 'EACCES',
52 error   path: '/usr/local/lib/node_modules/express',
52 error   fstream_type: 'Directory',
52 error   fstream_path: '/usr/local/lib/node_modules/express',
52 error   fstream_class: 'DirWriter',
52 error   fstream_stack:
52 error    [ '/usr/local/lib/node_modules/npm/node_modules/fstream/lib/dir-writer.js:36:23',
52 error      '/usr/local/lib/node_modules/npm/node_modules/mkdirp/index.js:37:53',
52 error      'Object.oncomplete (fs.js:107:15)' ] }
53 error Please try running this command again as root/Administrator.
54 error System Darwin 13.2.0
55 error command "node" "/usr/local/bin/npm" "install" "-g" "express"
56 error cwd /Users/zholdren/Desktop/dev/ruby/biller
57 error node -v v0.10.29
58 error npm -v 1.4.14
59 error path /usr/local/lib/node_modules/express
60 error fstream_path /usr/local/lib/node_modules/express
61 error fstream_type Directory
62 error fstream_class DirWriter
63 error code EACCES
64 error errno 3
65 error stack Error: EACCES, mkdir '/usr/local/lib/node_modules/express'
66 error fstream_stack /usr/local/lib/node_modules/npm/node_modules/fstream/lib/dir-writer.js:36:23
66 error fstream_stack /usr/local/lib/node_modules/npm/node_modules/mkdirp/index.js:37:53
66 error fstream_stack Object.oncomplete (fs.js:107:15)
67 verbose exit [ 3, true ]
